<?xml version="1.0" encoding="UTF-8"?>
<!-- Generated by org.testng.reporters.JUnitReportReporter -->
<testsuite hostname="INLN50940634A" name="CucumberFramework.AppTest" tests="1" failures="0" timestamp="7 Jan 2019 06:11:07 GMT" time="0.002" errors="0">
  <testcase name="shouldAnswerWithTrue" time="0.002" classname="CucumberFramework.AppTest"/>
</testsuite> <!-- CucumberFramework.AppTest -->
