<?xml version="1.0" encoding="UTF-8"?>
<!-- Generated by org.testng.reporters.JUnitReportReporter -->
<testsuite hostname="INLN50940634A" name="TestNG.Annotations" tests="3" failures="0" timestamp="28 Dec 2018 11:22:08 GMT" time="0.012" errors="0">
  <testcase name="OpeningBrowser" time="0.001" classname="TestNG.Annotations"/>
  <testcase name="FlightBooking" time="0.008" classname="TestNG.Annotations"/>
  <testcase name="FlightCancel" time="0.003" classname="TestNG.Annotations"/>
</testsuite> <!-- TestNG.Annotations -->
