<?xml version="1.0" encoding="UTF-8"?>
<!-- Generated by org.testng.reporters.JUnitReportReporter -->
<testsuite skipped="0" hostname="INLN50940634A" name="TestNG.Maven.Class3" tests="2" failures="0" timestamp="11 Jan 2019 05:59:26 GMT" time="0.008" errors="0">
  <testcase name="class3_02_Test" time="0.002" classname="TestNG.Maven.Class3"/>
  <testcase name="class3_01_Test" time="0.006" classname="TestNG.Maven.Class3"/>
</testsuite> <!-- TestNG.Maven.Class3 -->
