<?xml version="1.0" encoding="UTF-8"?>
<!-- Generated by org.testng.reporters.JUnitReportReporter -->
<testsuite hostname="INLN50940634A" name="Tests.Flights.LinksTest" tests="1" failures="0" timestamp="24 Dec 2018 14:39:24 GMT" time="606.826" errors="0">
  <testcase name="TestAllLinksOnPage" time="606.826" classname="Tests.Flights.LinksTest"/>
</testsuite> <!-- Tests.Flights.LinksTest -->
