<?xml version="1.0" encoding="UTF-8"?>
<!-- Generated by org.testng.reporters.JUnitReportReporter -->
<testsuite skipped="0" hostname="INLN50940634A" name="Tests.ClearTrip.HomePage.HomeBasicTest" tests="1" failures="0" timestamp="08 Jan 2019 18:28:11 GMT" time="9.991" errors="0">
  <testcase name="HomeAssertTitles" time="9.991" classname="Tests.ClearTrip.HomePage.HomeBasicTest"/>
</testsuite> <!-- Tests.ClearTrip.HomePage.HomeBasicTest -->
