<?xml version="1.0" encoding="UTF-8"?>
<!-- Generated by org.testng.reporters.JUnitReportReporter -->
<testsuite skipped="0" hostname="INLN50940634A" name="TestNG.LE.LE_V1" tests="1" failures="0" timestamp="28 Dec 2018 14:48:40 GMT" time="0.015" errors="0">
  <testcase name="Print1" time="0.015" classname="TestNG.LE.LE_V1"/>
</testsuite> <!-- TestNG.LE.LE_V1 -->
