<?xml version="1.0" encoding="UTF-8"?>
<!-- Generated by org.testng.reporters.JUnitReportReporter -->
<testsuite skipped="0" hostname="INLN50940634A" name="Base.Properties" tests="1" failures="0" timestamp="08 Jan 2019 06:01:35 GMT" time="0.017" errors="0">
  <testcase name="loadProperties" time="0.017" classname="Base.Properties"/>
</testsuite> <!-- Base.Properties -->
