<?xml version="1.0" encoding="UTF-8"?>
<!-- Generated by org.testng.reporters.JUnitReportReporter -->
<testsuite skipped="0" hostname="INLN50940634A" name="TestNG.MM.MM_V1" tests="1" failures="0" timestamp="28 Dec 2018 14:48:09 GMT" time="0.002" errors="0">
  <testcase name="Print1" time="0.002" classname="TestNG.MM.MM_V1"/>
</testsuite> <!-- TestNG.MM.MM_V1 -->
