<?xml version="1.0" encoding="UTF-8"?>
<!-- Generated by org.testng.reporters.JUnitReportReporter -->
<testsuite skipped="0" hostname="INLN50940634A" name="TestNG.Maven.Class1" tests="2" failures="0" timestamp="11 Jan 2019 05:59:26 GMT" time="0.013" errors="0">
  <testcase name="class1_02_Test" time="0.002" classname="TestNG.Maven.Class1"/>
  <testcase name="class1_01_Test" time="0.011" classname="TestNG.Maven.Class1"/>
</testsuite> <!-- TestNG.Maven.Class1 -->
