<?xml version="1.0" encoding="UTF-8"?>
<!-- Generated by org.testng.reporters.JUnitReportReporter -->
<testsuite hostname="INLN50940634A" name="Tests.Flights1" tests="1" failures="0" timestamp="24 Dec 2018 13:51:43 GMT" time="18.425" errors="0">
  <testcase name="ClickFlightTab" time="18.425" classname="Tests.Flights1"/>
</testsuite> <!-- Tests.Flights1 -->
