<?xml version="1.0" encoding="UTF-8"?>
<!-- Generated by org.testng.reporters.JUnitReportReporter -->
<testsuite skipped="0" hostname="INLN50940634A" name="Selenium.InterviewPreparation" tests="1" failures="0" timestamp="08 Jan 2019 06:23:20 GMT" time="14.835" errors="0">
  <testcase name="AssertTest" time="14.835" classname="Selenium.InterviewPreparation"/>
</testsuite> <!-- Selenium.InterviewPreparation -->
