<?xml version="1.0" encoding="UTF-8"?>
<!-- Generated by org.testng.reporters.JUnitReportReporter -->
<testsuite skipped="0" hostname="INLN50940634A" name="TestNG.Maven.Class2" tests="1" failures="0" timestamp="11 Jan 2019 05:59:26 GMT" time="0.011" errors="0">
  <testcase name="class2_01_Test" time="0.011" classname="TestNG.Maven.Class2"/>
</testsuite> <!-- TestNG.Maven.Class2 -->
