<?xml version="1.0" encoding="UTF-8"?>
<!-- Generated by org.testng.reporters.JUnitReportReporter -->
<testsuite hostname="INLN50940634A" name="TestNG.Maven.Class3" tests="1" failures="0" timestamp="10 Jan 2019 17:35:44 GMT" time="0.011" errors="0">
  <testcase name="class3_01_Test" time="0.011" classname="TestNG.Maven.Class3"/>
</testsuite> <!-- TestNG.Maven.Class3 -->
