<?xml version="1.0" encoding="UTF-8"?>
<!-- Generated by org.testng.reporters.JUnitReportReporter -->
<testsuite hostname="INLN50940634A" name="TestNG.LE.OutboundDeliveries" tests="9" failures="0" timestamp="7 Jan 2019 04:00:06 GMT" time="0.005" errors="0">
  <testcase name="createDelivery" time="0.001" classname="TestNG.LE.OutboundDeliveries"/>
  <testcase name="methodUsingDataFromProvider" time="0.000" classname="TestNG.LE.OutboundDeliveries"/>
  <testcase name="methodUsingDataFromProvider" time="0.001" classname="TestNG.LE.OutboundDeliveries"/>
  <testcase name="displayDelivery" time="0.001" classname="TestNG.LE.OutboundDeliveries"/>
  <testcase name="someFITestsThatDependonGroupLogistics" time="0.001" classname="TestNG.LE.OutboundDeliveries"/>
  <testcase name="postGoodsIssueDelivery" time="0.000" classname="TestNG.LE.OutboundDeliveries"/>
  <testcase name="billForDelivery" time="0.000" classname="TestNG.LE.OutboundDeliveries"/>
  <testcase name="methodUsingDataFromProvider" time="0.000" classname="TestNG.LE.OutboundDeliveries"/>
  <testcase name="changeDelivery" time="0.001" classname="TestNG.LE.OutboundDeliveries"/>
</testsuite> <!-- TestNG.LE.OutboundDeliveries -->
