<?xml version="1.0" encoding="UTF-8"?>
<!-- Generated by org.testng.reporters.JUnitReportReporter -->
<testsuite hostname="INLN50940634A" name="TestNG.MM.MM_V1" tests="1" failures="0" timestamp="7 Jan 2019 03:59:39 GMT" time="0.019" errors="0">
  <testcase name="Print1" time="0.019" classname="TestNG.MM.MM_V1"/>
</testsuite> <!-- TestNG.MM.MM_V1 -->
