<?xml version="1.0" encoding="UTF-8"?>
<!-- Generated by org.testng.reporters.JUnitReportReporter -->
<testsuite hostname="INLN50940634A" name="TestNG.LE.LE_V1" tests="1" failures="0" timestamp="7 Jan 2019 04:00:06 GMT" time="0.010" errors="0">
  <testcase name="EclipseTest" time="0.010" classname="TestNG.LE.LE_V1"/>
</testsuite> <!-- TestNG.LE.LE_V1 -->
